<?xml version="1.0" encoding="UTF-8"?>
<!-- Generated by org.testng.reporters.JUnitXMLReporter -->
<testsuite ignored="3" hostname="DESKTOP-ADC0TJP" failures="0" tests="2" name="Test" time="12.166" errors="0" timestamp="2023-03-24T15:34:23 IST">
  <testcase classname="testNgpack.VerifyLoginButton" name="clickOnLoginButton" time="3.529"/>
  <testcase classname="testNgpack.VerifyLoginButton" name="verifyNullEmailPasswordLoginPage" time="2.274"/>
  <testcase classname="testNgpack.VerifyForgotPasswordPage" name="verifySearchButtonOnForgotPasswordPage" time="0.0">
    <ignored/>
  </testcase> <!-- verifySearchButtonOnForgotPasswordPage -->
  <testcase classname="testNgpack.VerifyForgotPasswordPage" name="verifyTheTextPresentOnForgotPasswordPage" time="0.0">
    <ignored/>
  </testcase> <!-- verifyTheTextPresentOnForgotPasswordPage -->
  <testcase classname="testNgpack.VerifyForgotPasswordPage" name="verifyCancelButtonOfForgotPasswordPage" time="0.0">
    <ignored/>
  </testcase> <!-- verifyCancelButtonOfForgotPasswordPage -->
</testsuite> <!-- Test -->
